rpc start listen 8010
server start listen 8000
rpc connected
rpc connected
rpc connected
rpc connected
rpc connected
client connected
socket data >>>>>>>>>>>>> len 494 , cmd 100 real size: 494 web 8010
rpc data >>>>>>>>>>>>> type 13 , cmd 0
client disconnected
client connected
socket data >>>>>>>>>>>>> len 18245 , cmd 8296 real size: 146 web 8010
catch error 8296 Server {
  id: 0,
  type: 'web',
  host: '106.14.156.178',
  port: 8010,
  clientPort: 8000,
  running: false,
  socket: null } TypeError: Cannot read property 'split' of undefined
    at Socket.client.on.e (/root/temp/node_server/Application.js:365:30)
    at emitOne (events.js:96:13)
    at Socket.emit (events.js:188:7)
    at readableAddChunk (_stream_readable.js:176:18)
    at Socket.Readable.push (_stream_readable.js:134:10)
    at TCP.onread (net.js:547:20)
client disconnected
client connected
socket data >>>>>>>>>>>>> len 20559 , cmd 21536 real size: 371 web 8010
catch error 21536 Server {
  id: 0,
  type: 'web',
  host: '106.14.156.178',
  port: 8010,
  clientPort: 8000,
  running: false,
  socket: null } TypeError: Cannot read property 'split' of undefined
    at Socket.client.on.e (/root/temp/node_server/Application.js:365:30)
    at emitOne (events.js:96:13)
    at Socket.emit (events.js:188:7)
    at readableAddChunk (_stream_readable.js:176:18)
    at Socket.Readable.push (_stream_readable.js:134:10)
    at TCP.onread (net.js:547:20)
client disconnected
client connected
socket data >>>>>>>>>>>>> len 18245 , cmd 8296 real size: 225 web 8010
catch error 8296 Server {
  id: 0,
  type: 'web',
  host: '106.14.156.178',
  port: 8010,
  clientPort: 8000,
  running: false,
  socket: null } TypeError: Cannot read property 'split' of undefined
    at Socket.client.on.e (/root/temp/node_server/Application.js:365:30)
    at emitOne (events.js:96:13)
    at Socket.emit (events.js:188:7)
    at readableAddChunk (_stream_readable.js:176:18)
    at Socket.Readable.push (_stream_readable.js:134:10)
    at TCP.onread (net.js:547:20)
client connected
socket data >>>>>>>>>>>>> len 1025 , cmd 20592 real size: 9 web 8010
catch error 20592 Server {
  id: 0,
  type: 'web',
  host: '106.14.156.178',
  port: 8010,
  clientPort: 8000,
  running: false,
  socket: null } TypeError: Cannot read property 'split' of undefined
    at Socket.client.on.e (/root/temp/node_server/Application.js:365:30)
    at emitOne (events.js:96:13)
    at Socket.emit (events.js:188:7)
    at readableAddChunk (_stream_readable.js:176:18)
    at Socket.Readable.push (_stream_readable.js:134:10)
    at TCP.onread (net.js:547:20)
client disconnected
client disconnected
client connected
socket data >>>>>>>>>>>>> len 18245 , cmd 8239 real size: 91 web 8010
catch error 8239 Server {
  id: 0,
  type: 'web',
  host: '106.14.156.178',
  port: 8010,
  clientPort: 8000,
  running: false,
  socket: null } TypeError: Cannot read property 'split' of undefined
    at Socket.client.on.e (/root/temp/node_server/Application.js:365:30)
    at emitOne (events.js:96:13)
    at Socket.emit (events.js:188:7)
    at readableAddChunk (_stream_readable.js:176:18)
    at Socket.Readable.push (_stream_readable.js:134:10)
    at TCP.onread (net.js:547:20)
client disconnected
client disconnected
client disconnected
client disconnected
Child exited with code 1
events.js:160
      throw er; // Unhandled 'error' event
      ^

Error: Connection lost: The server closed the connection.
    at Protocol.end (/root/temp/node_server/node_modules/mysql/lib/protocol/Protocol.js:109:13)
    at Socket.<anonymous> (/root/temp/node_server/node_modules/mysql/lib/Connection.js:109:28)
    at emitNone (events.js:91:20)
    at Socket.emit (events.js:185:7)
    at endReadableNT (_stream_readable.js:974:12)
    at _combinedTickCallback (internal/process/next_tick.js:80:11)
    at process._tickCallback (internal/process/next_tick.js:104:9)
