rpc start listen 8041
rpc connected
rpc connected
rpc connected
rpc connected
rpc connected
save end >>>>>> 4
save end >>>>>> 4
save end >>>>>> 4
save end >>>>>> 4
save end >>>>>> 4
save end >>>>>> 4
save end >>>>>> 4
save end >>>>>> 4
save end >>>>>> 4
save end >>>>>> 4
save end >>>>>> 4
save end >>>>>> 4
save end >>>>>> 4
save end >>>>>> 4
save end >>>>>> 4
save end >>>>>> 4
save end >>>>>> 4
save end >>>>>> 4
save end >>>>>> 4
save end >>>>>> 4
save end >>>>>> 4
save end >>>>>> 4
save end >>>>>> 4
save end >>>>>> 4
save end >>>>>> 4
save end >>>>>> 4
save end >>>>>> 4
save end >>>>>> 4
save end >>>>>> 4
save end >>>>>> 4
save end >>>>>> 4
save end >>>>>> 4
save end >>>>>> 4
save end >>>>>> 4
save end >>>>>> 4
save end >>>>>> 4
save end >>>>>> 4
save end >>>>>> 4
save end >>>>>> 4
save end >>>>>> 4
save end >>>>>> 4
save end >>>>>> 4
save end >>>>>> 4
save end >>>>>> 4
save end >>>>>> 4
save end >>>>>> 4
save end >>>>>> 4
save end >>>>>> 4
save end >>>>>> 4
save end >>>>>> 4
save end >>>>>> 4
save end >>>>>> 4
save end >>>>>> 4
save end >>>>>> 4
save end >>>>>> 4
save end >>>>>> 4
save end >>>>>> 4
save end >>>>>> 4
save end >>>>>> 4
save end >>>>>> 4
save end >>>>>> 4
save end >>>>>> 4
save end >>>>>> 4
save end >>>>>> 4
save end >>>>>> 4
save end >>>>>> 4
save end >>>>>> 4
save end >>>>>> 4
save end >>>>>> 4
save end >>>>>> 4
save end >>>>>> 4
save end >>>>>> 4
save end >>>>>> 4
save end >>>>>> 4
save end >>>>>> 4
save end >>>>>> 4
save end >>>>>> 4
save end >>>>>> 4
save end >>>>>> 4
save end >>>>>> 4
save end >>>>>> 4
save end >>>>>> 4
save end >>>>>> 4
save end >>>>>> 4
save end >>>>>> 4
save end >>>>>> 4
save end >>>>>> 4
save end >>>>>> 4
save end >>>>>> 4
save end >>>>>> 4
save end >>>>>> 4
save end >>>>>> 4
save end >>>>>> 4
save end >>>>>> 4
save end >>>>>> 4
client disconnected
client disconnected
save end >>>>>> 4
Child exited with code 1
events.js:160
      throw er; // Unhandled 'error' event
      ^

Error: Connection lost: The server closed the connection.
    at Protocol.end (/root/temp/node_server/node_modules/mysql/lib/protocol/Protocol.js:109:13)
    at Socket.<anonymous> (/root/temp/node_server/node_modules/mysql/lib/Connection.js:109:28)
    at emitNone (events.js:91:20)
    at Socket.emit (events.js:185:7)
    at endReadableNT (_stream_readable.js:974:12)
    at _combinedTickCallback (internal/process/next_tick.js:80:11)
    at process._tickCallback (internal/process/next_tick.js:104:9)
